[INFO] Scanning for projects...
[INFO] 
[INFO] ------------------< com.example.tourbooking:booking >-------------------
[INFO] Building booking 0.0.1-SNAPSHOT
[INFO]   from pom.xml
[INFO] --------------------------------[ jar ]---------------------------------
[INFO] 
[INFO] >>> spring-boot:3.5.11:run (default-cli) > test-compile @ booking >>>
[INFO] 
[INFO] --- resources:3.3.1:resources (default-resources) @ booking ---
[INFO] Copying 1 resource from src\main\resources to target\classes
[INFO] Copying 22 resources from src\main\resources to target\classes
[INFO] 
[INFO] --- resources:3.3.1:copy-resources (copy-frontend-into-static) @ booking ---
[INFO] Copying 10 resources from src\main\java\com\tourbooking\booking\frontend\assets to src\main\resources\static\assets
[INFO] Copying 9 resources from src\main\java\com\tourbooking\booking\frontend\pages to src\main\resources\static\pages
[INFO] 
[INFO] --- compiler:3.14.1:compile (default-compile) @ booking ---
[INFO] Recompiling the module because of changed source code.
[INFO] Compiling 121 source files with javac [debug parameters release 21] to target\classes
[INFO] ------------------------------------------------------------------------
[INFO] BUILD FAILURE
[INFO] ------------------------------------------------------------------------
[INFO] Total time:  1.420 s
[INFO] Finished at: 2026-03-24T22:28:50+07:00
[INFO] ------------------------------------------------------------------------
[ERROR] Failed to execute goal org.apache.maven.plugins:maven-compiler-plugin:3.14.1:compile (default-compile) on project booking: Fatal error compiling: error: release version 21 not supported -> [Help 1]
[ERROR] 
[ERROR] To see the full stack trace of the errors, re-run Maven with the -e switch.
[ERROR] Re-run Maven using the -X switch to enable full debug logging.
[ERROR] 
[ERROR] For more information about the errors and possible solutions, please read the following articles:
[ERROR] [Help 1] http://cwiki.apache.org/confluence/display/MAVEN/MojoExecutionException
