[INFO] Scanning for projects...
[WARNING] 
[WARNING] Some problems were encountered while building the effective model for com.example.tourbooking:booking:jar:0.0.1-SNAPSHOT
[WARNING] 'dependencies.dependency.(groupId:artifactId:type:classifier)' must be unique: org.springframework.boot:spring-boot-starter-test:jar -> duplicate declaration of version (?) @ line 101, column 21
[WARNING] 
[WARNING] It is highly recommended to fix these problems because they threaten the stability of your build.
[WARNING] 
[WARNING] For this reason, future Maven versions might no longer support building such malformed projects.
[WARNING] 
[INFO] 
[INFO] ------------------< com.example.tourbooking:booking >-------------------
[INFO] Building booking 0.0.1-SNAPSHOT
[INFO]   from pom.xml
[INFO] --------------------------------[ jar ]---------------------------------
[INFO] 
[INFO] --- resources:3.3.1:resources (default-resources) @ booking ---
[INFO] Copying 1 resource from src\main\resources to target\classes
[INFO] Copying 36 resources from src\main\resources to target\classes
[INFO] 
[INFO] --- resources:3.3.1:copy-resources (copy-frontend-into-static) @ booking ---
[INFO] Copying 10 resources from src\main\java\com\tourbooking\booking\frontend\assets to src\main\resources\static\assets
[INFO] Copying 15 resources from src\main\java\com\tourbooking\booking\frontend\pages to src\main\resources\static\pages
[INFO] 
[INFO] --- compiler:3.14.1:compile (default-compile) @ booking ---
[INFO] Recompiling the module because of changed source code.
[INFO] Compiling 178 source files with javac [debug parameters release 17] to target\classes
[INFO] -------------------------------------------------------------
[ERROR] COMPILATION ERROR : 
[INFO] -------------------------------------------------------------
[ERROR] /C:/Users/ACER/Documents/VS Studio/ojt/OJT-FSofte/src/main/java/com/tourbooking/booking/backend/controller/AuthController.java:[85,40] ';' expected
[ERROR] /C:/Users/ACER/Documents/VS Studio/ojt/OJT-FSofte/src/main/java/com/tourbooking/booking/backend/controller/AuthController.java:[85,60] ';' expected
[ERROR] /C:/Users/ACER/Documents/VS Studio/ojt/OJT-FSofte/src/main/java/com/tourbooking/booking/backend/controller/AuthController.java:[104,46] ';' expected
[ERROR] /C:/Users/ACER/Documents/VS Studio/ojt/OJT-FSofte/src/main/java/com/tourbooking/booking/backend/controller/AuthController.java:[104,79] ';' expected
[ERROR] /C:/Users/ACER/Documents/VS Studio/ojt/OJT-FSofte/src/main/java/com/tourbooking/booking/backend/controller/AuthController.java:[136,43] ';' expected
[ERROR] /C:/Users/ACER/Documents/VS Studio/ojt/OJT-FSofte/src/main/java/com/tourbooking/booking/backend/controller/AuthController.java:[136,70] ';' expected
[ERROR] /C:/Users/ACER/Documents/VS Studio/ojt/OJT-FSofte/src/main/java/com/tourbooking/booking/backend/controller/AuthController.java:[156,46] ';' expected
[ERROR] /C:/Users/ACER/Documents/VS Studio/ojt/OJT-FSofte/src/main/java/com/tourbooking/booking/backend/controller/AuthController.java:[156,79] ';' expected
[ERROR] /C:/Users/ACER/Documents/VS Studio/ojt/OJT-FSofte/src/main/java/com/tourbooking/booking/backend/controller/AuthController.java:[174,43] ';' expected
[ERROR] /C:/Users/ACER/Documents/VS Studio/ojt/OJT-FSofte/src/main/java/com/tourbooking/booking/backend/controller/AuthController.java:[174,70] ';' expected
[ERROR] /C:/Users/ACER/Documents/VS Studio/ojt/OJT-FSofte/src/main/java/com/tourbooking/booking/backend/controller/AuthController.java:[194,46] ';' expected
[ERROR] /C:/Users/ACER/Documents/VS Studio/ojt/OJT-FSofte/src/main/java/com/tourbooking/booking/backend/controller/AuthController.java:[194,79] ';' expected
[ERROR] /C:/Users/ACER/Documents/VS Studio/ojt/OJT-FSofte/src/main/java/com/tourbooking/booking/backend/controller/AuthController.java:[216,45] ';' expected
[ERROR] /C:/Users/ACER/Documents/VS Studio/ojt/OJT-FSofte/src/main/java/com/tourbooking/booking/backend/controller/AuthController.java:[217,40] <identifier> expected
[ERROR] /C:/Users/ACER/Documents/VS Studio/ojt/OJT-FSofte/src/main/java/com/tourbooking/booking/backend/controller/AuthController.java:[218,13] illegal start of expression
[ERROR] /C:/Users/ACER/Documents/VS Studio/ojt/OJT-FSofte/src/main/java/com/tourbooking/booking/backend/controller/AuthController.java:[218,26] ';' expected
[ERROR] /C:/Users/ACER/Documents/VS Studio/ojt/OJT-FSofte/src/main/java/com/tourbooking/booking/backend/controller/AuthController.java:[218,45] ';' expected
[ERROR] /C:/Users/ACER/Documents/VS Studio/ojt/OJT-FSofte/src/main/java/com/tourbooking/booking/backend/controller/AuthController.java:[238,38] ';' expected
[ERROR] /C:/Users/ACER/Documents/VS Studio/ojt/OJT-FSofte/src/main/java/com/tourbooking/booking/backend/controller/AuthController.java:[238,58] ';' expected
[ERROR] /C:/Users/ACER/Documents/VS Studio/ojt/OJT-FSofte/src/main/java/com/tourbooking/booking/backend/controller/AuthController.java:[252,2] reached end of file while parsing
[ERROR] /C:/Users/ACER/Documents/VS Studio/ojt/OJT-FSofte/src/main/java/com/tourbooking/booking/backend/model/dto/request/BookingRequest.java:[35,13] class, interface, enum, or record expected
[ERROR] /C:/Users/ACER/Documents/VS Studio/ojt/OJT-FSofte/src/main/java/com/tourbooking/booking/backend/model/dto/request/BookingRequest.java:[36,13] class, interface, enum, or record expected
[ERROR] /C:/Users/ACER/Documents/VS Studio/ojt/OJT-FSofte/src/main/java/com/tourbooking/booking/backend/model/dto/request/BookingRequest.java:[37,13] class, interface, enum, or record expected
[ERROR] /C:/Users/ACER/Documents/VS Studio/ojt/OJT-FSofte/src/main/java/com/tourbooking/booking/backend/model/dto/request/BookingRequest.java:[38,1] class, interface, enum, or record expected
[ERROR] /C:/Users/ACER/Documents/VS Studio/ojt/OJT-FSofte/src/main/java/com/tourbooking/booking/backend/model/entity/enums/BookingStatus.java:[8,21] ',', '}', or ';' expected
[ERROR] /C:/Users/ACER/Documents/VS Studio/ojt/OJT-FSofte/src/main/java/com/tourbooking/booking/backend/security/CustomUserDetailsService.java:[42,1] class, interface, enum, or record expected
[ERROR] /C:/Users/ACER/Documents/VS Studio/ojt/OJT-FSofte/src/main/java/com/tourbooking/booking/backend/security/CustomUserDetailsService.java:[44,1] class, interface, enum, or record expected
[ERROR] /C:/Users/ACER/Documents/VS Studio/ojt/OJT-FSofte/src/main/java/com/tourbooking/booking/backend/security/CustomUserDetailsService.java:[45,1] class, interface, enum, or record expected
[ERROR] /C:/Users/ACER/Documents/VS Studio/ojt/OJT-FSofte/src/main/java/com/tourbooking/booking/backend/security/CustomUserDetailsService.java:[46,1] class, interface, enum, or record expected
[ERROR] /C:/Users/ACER/Documents/VS Studio/ojt/OJT-FSofte/src/main/java/com/tourbooking/booking/backend/security/CustomUserDetailsService.java:[47,1] class, interface, enum, or record expected
[ERROR] /C:/Users/ACER/Documents/VS Studio/ojt/OJT-FSofte/src/main/java/com/tourbooking/booking/backend/security/CustomUserDetailsService.java:[48,1] class, interface, enum, or record expected
[ERROR] /C:/Users/ACER/Documents/VS Studio/ojt/OJT-FSofte/src/main/java/com/tourbooking/booking/backend/security/CustomUserDetailsService.java:[49,1] class, interface, enum, or record expected
[ERROR] /C:/Users/ACER/Documents/VS Studio/ojt/OJT-FSofte/src/main/java/com/tourbooking/booking/backend/security/CustomUserDetailsService.java:[50,1] class, interface, enum, or record expected
[ERROR] /C:/Users/ACER/Documents/VS Studio/ojt/OJT-FSofte/src/main/java/com/tourbooking/booking/backend/security/CustomUserDetailsService.java:[51,1] class, interface, enum, or record expected
[ERROR] /C:/Users/ACER/Documents/VS Studio/ojt/OJT-FSofte/src/main/java/com/tourbooking/booking/backend/security/CustomUserDetailsService.java:[52,1] class, interface, enum, or record expected
[ERROR] /C:/Users/ACER/Documents/VS Studio/ojt/OJT-FSofte/src/main/java/com/tourbooking/booking/backend/security/CustomUserDetailsService.java:[54,1] class, interface, enum, or record expected
[ERROR] /C:/Users/ACER/Documents/VS Studio/ojt/OJT-FSofte/src/main/java/com/tourbooking/booking/backend/service/impl/BookingServiceImpl.java:[261,12] class, interface, enum, or record expected
[ERROR] /C:/Users/ACER/Documents/VS Studio/ojt/OJT-FSofte/src/main/java/com/tourbooking/booking/backend/service/impl/BookingServiceImpl.java:[263,9] class, interface, enum, or record expected
[ERROR] /C:/Users/ACER/Documents/VS Studio/ojt/OJT-FSofte/src/main/java/com/tourbooking/booking/backend/service/impl/BookingServiceImpl.java:[265,9] class, interface, enum, or record expected
[ERROR] /C:/Users/ACER/Documents/VS Studio/ojt/OJT-FSofte/src/main/java/com/tourbooking/booking/backend/service/impl/BookingServiceImpl.java:[268,9] class, interface, enum, or record expected
[ERROR] /C:/Users/ACER/Documents/VS Studio/ojt/OJT-FSofte/src/main/java/com/tourbooking/booking/backend/service/impl/BookingServiceImpl.java:[269,9] class, interface, enum, or record expected
[ERROR] /C:/Users/ACER/Documents/VS Studio/ojt/OJT-FSofte/src/main/java/com/tourbooking/booking/backend/service/impl/BookingServiceImpl.java:[272,9] class, interface, enum, or record expected
[ERROR] /C:/Users/ACER/Documents/VS Studio/ojt/OJT-FSofte/src/main/java/com/tourbooking/booking/backend/service/impl/BookingServiceImpl.java:[275,21] class, interface, enum, or record expected
[ERROR] /C:/Users/ACER/Documents/VS Studio/ojt/OJT-FSofte/src/main/java/com/tourbooking/booking/backend/service/impl/BookingServiceImpl.java:[276,21] class, interface, enum, or record expected
[ERROR] /C:/Users/ACER/Documents/VS Studio/ojt/OJT-FSofte/src/main/java/com/tourbooking/booking/backend/service/impl/BookingServiceImpl.java:[278,17] class, interface, enum, or record expected
[ERROR] /C:/Users/ACER/Documents/VS Studio/ojt/OJT-FSofte/src/main/java/com/tourbooking/booking/backend/service/impl/BookingServiceImpl.java:[283,21] class, interface, enum, or record expected
[ERROR] /C:/Users/ACER/Documents/VS Studio/ojt/OJT-FSofte/src/main/java/com/tourbooking/booking/backend/service/impl/BookingServiceImpl.java:[287,21] class, interface, enum, or record expected
[ERROR] /C:/Users/ACER/Documents/VS Studio/ojt/OJT-FSofte/src/main/java/com/tourbooking/booking/backend/service/impl/BookingServiceImpl.java:[290,17] class, interface, enum, or record expected
[ERROR] /C:/Users/ACER/Documents/VS Studio/ojt/OJT-FSofte/src/main/java/com/tourbooking/booking/backend/service/impl/BookingServiceImpl.java:[293,9] class, interface, enum, or record expected
[ERROR] /C:/Users/ACER/Documents/VS Studio/ojt/OJT-FSofte/src/main/java/com/tourbooking/booking/backend/service/impl/BookingServiceImpl.java:[296,9] class, interface, enum, or record expected
[ERROR] /C:/Users/ACER/Documents/VS Studio/ojt/OJT-FSofte/src/main/java/com/tourbooking/booking/backend/service/impl/BookingServiceImpl.java:[300,21] class, interface, enum, or record expected
[ERROR] /C:/Users/ACER/Documents/VS Studio/ojt/OJT-FSofte/src/main/java/com/tourbooking/booking/backend/service/impl/BookingServiceImpl.java:[301,21] class, interface, enum, or record expected
[ERROR] /C:/Users/ACER/Documents/VS Studio/ojt/OJT-FSofte/src/main/java/com/tourbooking/booking/backend/service/impl/BookingServiceImpl.java:[303,17] class, interface, enum, or record expected
[ERROR] /C:/Users/ACER/Documents/VS Studio/ojt/OJT-FSofte/src/main/java/com/tourbooking/booking/backend/service/impl/BookingServiceImpl.java:[307,9] class, interface, enum, or record expected
[ERROR] /C:/Users/ACER/Documents/VS Studio/ojt/OJT-FSofte/src/main/java/com/tourbooking/booking/backend/service/impl/BookingServiceImpl.java:[309,13] class, interface, enum, or record expected
[ERROR] /C:/Users/ACER/Documents/VS Studio/ojt/OJT-FSofte/src/main/java/com/tourbooking/booking/backend/service/impl/BookingServiceImpl.java:[310,13] class, interface, enum, or record expected
[ERROR] /C:/Users/ACER/Documents/VS Studio/ojt/OJT-FSofte/src/main/java/com/tourbooking/booking/backend/service/impl/BookingServiceImpl.java:[311,28] class, interface, enum, or record expected
[ERROR] /C:/Users/ACER/Documents/VS Studio/ojt/OJT-FSofte/src/main/java/com/tourbooking/booking/backend/service/impl/BookingServiceImpl.java:[312,9] class, interface, enum, or record expected
[ERROR] /C:/Users/ACER/Documents/VS Studio/ojt/OJT-FSofte/src/main/java/com/tourbooking/booking/backend/service/impl/BookingServiceImpl.java:[315,9] class, interface, enum, or record expected
[ERROR] /C:/Users/ACER/Documents/VS Studio/ojt/OJT-FSofte/src/main/java/com/tourbooking/booking/backend/service/impl/BookingServiceImpl.java:[319,29] class, interface, enum, or record expected
[ERROR] /C:/Users/ACER/Documents/VS Studio/ojt/OJT-FSofte/src/main/java/com/tourbooking/booking/backend/service/impl/BookingServiceImpl.java:[320,25] class, interface, enum, or record expected
[ERROR] /C:/Users/ACER/Documents/VS Studio/ojt/OJT-FSofte/src/main/java/com/tourbooking/booking/backend/service/impl/BookingServiceImpl.java:[326,9] class, interface, enum, or record expected
[ERROR] /C:/Users/ACER/Documents/VS Studio/ojt/OJT-FSofte/src/main/java/com/tourbooking/booking/backend/service/impl/BookingServiceImpl.java:[330,29] class, interface, enum, or record expected
[ERROR] /C:/Users/ACER/Documents/VS Studio/ojt/OJT-FSofte/src/main/java/com/tourbooking/booking/backend/service/impl/BookingServiceImpl.java:[331,25] class, interface, enum, or record expected
[ERROR] /C:/Users/ACER/Documents/VS Studio/ojt/OJT-FSofte/src/main/java/com/tourbooking/booking/backend/service/impl/BookingServiceImpl.java:[336,9] class, interface, enum, or record expected
[ERROR] /C:/Users/ACER/Documents/VS Studio/ojt/OJT-FSofte/src/main/java/com/tourbooking/booking/backend/service/impl/BookingServiceImpl.java:[338,9] class, interface, enum, or record expected
[ERROR] /C:/Users/ACER/Documents/VS Studio/ojt/OJT-FSofte/src/main/java/com/tourbooking/booking/backend/service/impl/BookingServiceImpl.java:[343,21] class, interface, enum, or record expected
[ERROR] /C:/Users/ACER/Documents/VS Studio/ojt/OJT-FSofte/src/main/java/com/tourbooking/booking/backend/service/impl/BookingServiceImpl.java:[345,21] class, interface, enum, or record expected
[ERROR] /C:/Users/ACER/Documents/VS Studio/ojt/OJT-FSofte/src/main/java/com/tourbooking/booking/backend/service/impl/BookingServiceImpl.java:[348,21] class, interface, enum, or record expected
[ERROR] /C:/Users/ACER/Documents/VS Studio/ojt/OJT-FSofte/src/main/java/com/tourbooking/booking/backend/service/impl/BookingServiceImpl.java:[352,21] class, interface, enum, or record expected
[ERROR] /C:/Users/ACER/Documents/VS Studio/ojt/OJT-FSofte/src/main/java/com/tourbooking/booking/backend/service/impl/BookingServiceImpl.java:[354,21] class, interface, enum, or record expected
[ERROR] /C:/Users/ACER/Documents/VS Studio/ojt/OJT-FSofte/src/main/java/com/tourbooking/booking/backend/service/impl/BookingServiceImpl.java:[358,21] class, interface, enum, or record expected
[ERROR] /C:/Users/ACER/Documents/VS Studio/ojt/OJT-FSofte/src/main/java/com/tourbooking/booking/backend/service/impl/BookingServiceImpl.java:[360,21] class, interface, enum, or record expected
[ERROR] /C:/Users/ACER/Documents/VS Studio/ojt/OJT-FSofte/src/main/java/com/tourbooking/booking/backend/service/impl/BookingServiceImpl.java:[367,17] class, interface, enum, or record expected
[ERROR] /C:/Users/ACER/Documents/VS Studio/ojt/OJT-FSofte/src/main/java/com/tourbooking/booking/backend/service/impl/BookingServiceImpl.java:[370,5] class, interface, enum, or record expected
[ERROR] /C:/Users/ACER/Documents/VS Studio/ojt/OJT-FSofte/src/main/java/com/tourbooking/booking/backend/service/impl/BookingServiceImpl.java:[373,12] class, interface, enum, or record expected
[ERROR] /C:/Users/ACER/Documents/VS Studio/ojt/OJT-FSofte/src/main/java/com/tourbooking/booking/backend/service/impl/BookingServiceImpl.java:[375,9] class, interface, enum, or record expected
[ERROR] /C:/Users/ACER/Documents/VS Studio/ojt/OJT-FSofte/src/main/java/com/tourbooking/booking/backend/service/impl/BookingServiceImpl.java:[376,9] class, interface, enum, or record expected
[ERROR] /C:/Users/ACER/Documents/VS Studio/ojt/OJT-FSofte/src/main/java/com/tourbooking/booking/backend/service/impl/BookingServiceImpl.java:[377,5] class, interface, enum, or record expected
[ERROR] /C:/Users/ACER/Documents/VS Studio/ojt/OJT-FSofte/src/main/java/com/tourbooking/booking/backend/service/impl/BookingServiceImpl.java:[380,12] class, interface, enum, or record expected
[ERROR] /C:/Users/ACER/Documents/VS Studio/ojt/OJT-FSofte/src/main/java/com/tourbooking/booking/backend/service/impl/BookingServiceImpl.java:[382,9] class, interface, enum, or record expected
[ERROR] /C:/Users/ACER/Documents/VS Studio/ojt/OJT-FSofte/src/main/java/com/tourbooking/booking/backend/service/impl/BookingServiceImpl.java:[383,9] class, interface, enum, or record expected
[ERROR] /C:/Users/ACER/Documents/VS Studio/ojt/OJT-FSofte/src/main/java/com/tourbooking/booking/backend/service/impl/BookingServiceImpl.java:[384,9] class, interface, enum, or record expected
[ERROR] /C:/Users/ACER/Documents/VS Studio/ojt/OJT-FSofte/src/main/java/com/tourbooking/booking/backend/service/impl/BookingServiceImpl.java:[386,9] class, interface, enum, or record expected
[ERROR] /C:/Users/ACER/Documents/VS Studio/ojt/OJT-FSofte/src/main/java/com/tourbooking/booking/backend/service/impl/BookingServiceImpl.java:[387,5] class, interface, enum, or record expected
[INFO] 85 errors 
[INFO] -------------------------------------------------------------
[INFO] ------------------------------------------------------------------------
[INFO] BUILD FAILURE
[INFO] ------------------------------------------------------------------------
[INFO] Total time:  2.010 s
[INFO] Finished at: 2026-04-01T13:36:21+07:00
[INFO] ------------------------------------------------------------------------
[ERROR] Failed to execute goal org.apache.maven.plugins:maven-compiler-plugin:3.14.1:compile (default-compile) on project booking: Compilation failure: Compilation failure: 
[ERROR] /C:/Users/ACER/Documents/VS Studio/ojt/OJT-FSofte/src/main/java/com/tourbooking/booking/backend/controller/AuthController.java:[85,40] ';' expected
[ERROR] /C:/Users/ACER/Documents/VS Studio/ojt/OJT-FSofte/src/main/java/com/tourbooking/booking/backend/controller/AuthController.java:[85,60] ';' expected
[ERROR] /C:/Users/ACER/Documents/VS Studio/ojt/OJT-FSofte/src/main/java/com/tourbooking/booking/backend/controller/AuthController.java:[104,46] ';' expected
[ERROR] /C:/Users/ACER/Documents/VS Studio/ojt/OJT-FSofte/src/main/java/com/tourbooking/booking/backend/controller/AuthController.java:[104,79] ';' expected
[ERROR] /C:/Users/ACER/Documents/VS Studio/ojt/OJT-FSofte/src/main/java/com/tourbooking/booking/backend/controller/AuthController.java:[136,43] ';' expected
[ERROR] /C:/Users/ACER/Documents/VS Studio/ojt/OJT-FSofte/src/main/java/com/tourbooking/booking/backend/controller/AuthController.java:[136,70] ';' expected
[ERROR] /C:/Users/ACER/Documents/VS Studio/ojt/OJT-FSofte/src/main/java/com/tourbooking/booking/backend/controller/AuthController.java:[156,46] ';' expected
[ERROR] /C:/Users/ACER/Documents/VS Studio/ojt/OJT-FSofte/src/main/java/com/tourbooking/booking/backend/controller/AuthController.java:[156,79] ';' expected
[ERROR] /C:/Users/ACER/Documents/VS Studio/ojt/OJT-FSofte/src/main/java/com/tourbooking/booking/backend/controller/AuthController.java:[174,43] ';' expected
[ERROR] /C:/Users/ACER/Documents/VS Studio/ojt/OJT-FSofte/src/main/java/com/tourbooking/booking/backend/controller/AuthController.java:[174,70] ';' expected
[ERROR] /C:/Users/ACER/Documents/VS Studio/ojt/OJT-FSofte/src/main/java/com/tourbooking/booking/backend/controller/AuthController.java:[194,46] ';' expected
[ERROR] /C:/Users/ACER/Documents/VS Studio/ojt/OJT-FSofte/src/main/java/com/tourbooking/booking/backend/controller/AuthController.java:[194,79] ';' expected
[ERROR] /C:/Users/ACER/Documents/VS Studio/ojt/OJT-FSofte/src/main/java/com/tourbooking/booking/backend/controller/AuthController.java:[216,45] ';' expected
[ERROR] /C:/Users/ACER/Documents/VS Studio/ojt/OJT-FSofte/src/main/java/com/tourbooking/booking/backend/controller/AuthController.java:[217,40] <identifier> expected
[ERROR] /C:/Users/ACER/Documents/VS Studio/ojt/OJT-FSofte/src/main/java/com/tourbooking/booking/backend/controller/AuthController.java:[218,13] illegal start of expression
[ERROR] /C:/Users/ACER/Documents/VS Studio/ojt/OJT-FSofte/src/main/java/com/tourbooking/booking/backend/controller/AuthController.java:[218,26] ';' expected
[ERROR] /C:/Users/ACER/Documents/VS Studio/ojt/OJT-FSofte/src/main/java/com/tourbooking/booking/backend/controller/AuthController.java:[218,45] ';' expected
[ERROR] /C:/Users/ACER/Documents/VS Studio/ojt/OJT-FSofte/src/main/java/com/tourbooking/booking/backend/controller/AuthController.java:[238,38] ';' expected
[ERROR] /C:/Users/ACER/Documents/VS Studio/ojt/OJT-FSofte/src/main/java/com/tourbooking/booking/backend/controller/AuthController.java:[238,58] ';' expected
[ERROR] /C:/Users/ACER/Documents/VS Studio/ojt/OJT-FSofte/src/main/java/com/tourbooking/booking/backend/controller/AuthController.java:[252,2] reached end of file while parsing
[ERROR] /C:/Users/ACER/Documents/VS Studio/ojt/OJT-FSofte/src/main/java/com/tourbooking/booking/backend/model/dto/request/BookingRequest.java:[35,13] class, interface, enum, or record expected
[ERROR] /C:/Users/ACER/Documents/VS Studio/ojt/OJT-FSofte/src/main/java/com/tourbooking/booking/backend/model/dto/request/BookingRequest.java:[36,13] class, interface, enum, or record expected
[ERROR] /C:/Users/ACER/Documents/VS Studio/ojt/OJT-FSofte/src/main/java/com/tourbooking/booking/backend/model/dto/request/BookingRequest.java:[37,13] class, interface, enum, or record expected
[ERROR] /C:/Users/ACER/Documents/VS Studio/ojt/OJT-FSofte/src/main/java/com/tourbooking/booking/backend/model/dto/request/BookingRequest.java:[38,1] class, interface, enum, or record expected
[ERROR] /C:/Users/ACER/Documents/VS Studio/ojt/OJT-FSofte/src/main/java/com/tourbooking/booking/backend/model/entity/enums/BookingStatus.java:[8,21] ',', '}', or ';' expected
[ERROR] /C:/Users/ACER/Documents/VS Studio/ojt/OJT-FSofte/src/main/java/com/tourbooking/booking/backend/security/CustomUserDetailsService.java:[42,1] class, interface, enum, or record expected
[ERROR] /C:/Users/ACER/Documents/VS Studio/ojt/OJT-FSofte/src/main/java/com/tourbooking/booking/backend/security/CustomUserDetailsService.java:[44,1] class, interface, enum, or record expected
[ERROR] /C:/Users/ACER/Documents/VS Studio/ojt/OJT-FSofte/src/main/java/com/tourbooking/booking/backend/security/CustomUserDetailsService.java:[45,1] class, interface, enum, or record expected
[ERROR] /C:/Users/ACER/Documents/VS Studio/ojt/OJT-FSofte/src/main/java/com/tourbooking/booking/backend/security/CustomUserDetailsService.java:[46,1] class, interface, enum, or record expected
[ERROR] /C:/Users/ACER/Documents/VS Studio/ojt/OJT-FSofte/src/main/java/com/tourbooking/booking/backend/security/CustomUserDetailsService.java:[47,1] class, interface, enum, or record expected
[ERROR] /C:/Users/ACER/Documents/VS Studio/ojt/OJT-FSofte/src/main/java/com/tourbooking/booking/backend/security/CustomUserDetailsService.java:[48,1] class, interface, enum, or record expected
[ERROR] /C:/Users/ACER/Documents/VS Studio/ojt/OJT-FSofte/src/main/java/com/tourbooking/booking/backend/security/CustomUserDetailsService.java:[49,1] class, interface, enum, or record expected
[ERROR] /C:/Users/ACER/Documents/VS Studio/ojt/OJT-FSofte/src/main/java/com/tourbooking/booking/backend/security/CustomUserDetailsService.java:[50,1] class, interface, enum, or record expected
[ERROR] /C:/Users/ACER/Documents/VS Studio/ojt/OJT-FSofte/src/main/java/com/tourbooking/booking/backend/security/CustomUserDetailsService.java:[51,1] class, interface, enum, or record expected
[ERROR] /C:/Users/ACER/Documents/VS Studio/ojt/OJT-FSofte/src/main/java/com/tourbooking/booking/backend/security/CustomUserDetailsService.java:[52,1] class, interface, enum, or record expected
[ERROR] /C:/Users/ACER/Documents/VS Studio/ojt/OJT-FSofte/src/main/java/com/tourbooking/booking/backend/security/CustomUserDetailsService.java:[54,1] class, interface, enum, or record expected
[ERROR] /C:/Users/ACER/Documents/VS Studio/ojt/OJT-FSofte/src/main/java/com/tourbooking/booking/backend/service/impl/BookingServiceImpl.java:[261,12] class, interface, enum, or record expected
[ERROR] /C:/Users/ACER/Documents/VS Studio/ojt/OJT-FSofte/src/main/java/com/tourbooking/booking/backend/service/impl/BookingServiceImpl.java:[263,9] class, interface, enum, or record expected
[ERROR] /C:/Users/ACER/Documents/VS Studio/ojt/OJT-FSofte/src/main/java/com/tourbooking/booking/backend/service/impl/BookingServiceImpl.java:[265,9] class, interface, enum, or record expected
[ERROR] /C:/Users/ACER/Documents/VS Studio/ojt/OJT-FSofte/src/main/java/com/tourbooking/booking/backend/service/impl/BookingServiceImpl.java:[268,9] class, interface, enum, or record expected
[ERROR] /C:/Users/ACER/Documents/VS Studio/ojt/OJT-FSofte/src/main/java/com/tourbooking/booking/backend/service/impl/BookingServiceImpl.java:[269,9] class, interface, enum, or record expected
[ERROR] /C:/Users/ACER/Documents/VS Studio/ojt/OJT-FSofte/src/main/java/com/tourbooking/booking/backend/service/impl/BookingServiceImpl.java:[272,9] class, interface, enum, or record expected
[ERROR] /C:/Users/ACER/Documents/VS Studio/ojt/OJT-FSofte/src/main/java/com/tourbooking/booking/backend/service/impl/BookingServiceImpl.java:[275,21] class, interface, enum, or record expected
[ERROR] /C:/Users/ACER/Documents/VS Studio/ojt/OJT-FSofte/src/main/java/com/tourbooking/booking/backend/service/impl/BookingServiceImpl.java:[276,21] class, interface, enum, or record expected
[ERROR] /C:/Users/ACER/Documents/VS Studio/ojt/OJT-FSofte/src/main/java/com/tourbooking/booking/backend/service/impl/BookingServiceImpl.java:[278,17] class, interface, enum, or record expected
[ERROR] /C:/Users/ACER/Documents/VS Studio/ojt/OJT-FSofte/src/main/java/com/tourbooking/booking/backend/service/impl/BookingServiceImpl.java:[283,21] class, interface, enum, or record expected
[ERROR] /C:/Users/ACER/Documents/VS Studio/ojt/OJT-FSofte/src/main/java/com/tourbooking/booking/backend/service/impl/BookingServiceImpl.java:[287,21] class, interface, enum, or record expected
[ERROR] /C:/Users/ACER/Documents/VS Studio/ojt/OJT-FSofte/src/main/java/com/tourbooking/booking/backend/service/impl/BookingServiceImpl.java:[290,17] class, interface, enum, or record expected
[ERROR] /C:/Users/ACER/Documents/VS Studio/ojt/OJT-FSofte/src/main/java/com/tourbooking/booking/backend/service/impl/BookingServiceImpl.java:[293,9] class, interface, enum, or record expected
[ERROR] /C:/Users/ACER/Documents/VS Studio/ojt/OJT-FSofte/src/main/java/com/tourbooking/booking/backend/service/impl/BookingServiceImpl.java:[296,9] class, interface, enum, or record expected
[ERROR] /C:/Users/ACER/Documents/VS Studio/ojt/OJT-FSofte/src/main/java/com/tourbooking/booking/backend/service/impl/BookingServiceImpl.java:[300,21] class, interface, enum, or record expected
[ERROR] /C:/Users/ACER/Documents/VS Studio/ojt/OJT-FSofte/src/main/java/com/tourbooking/booking/backend/service/impl/BookingServiceImpl.java:[301,21] class, interface, enum, or record expected
[ERROR] /C:/Users/ACER/Documents/VS Studio/ojt/OJT-FSofte/src/main/java/com/tourbooking/booking/backend/service/impl/BookingServiceImpl.java:[303,17] class, interface, enum, or record expected
[ERROR] /C:/Users/ACER/Documents/VS Studio/ojt/OJT-FSofte/src/main/java/com/tourbooking/booking/backend/service/impl/BookingServiceImpl.java:[307,9] class, interface, enum, or record expected
[ERROR] /C:/Users/ACER/Documents/VS Studio/ojt/OJT-FSofte/src/main/java/com/tourbooking/booking/backend/service/impl/BookingServiceImpl.java:[309,13] class, interface, enum, or record expected
[ERROR] /C:/Users/ACER/Documents/VS Studio/ojt/OJT-FSofte/src/main/java/com/tourbooking/booking/backend/service/impl/BookingServiceImpl.java:[310,13] class, interface, enum, or record expected
[ERROR] /C:/Users/ACER/Documents/VS Studio/ojt/OJT-FSofte/src/main/java/com/tourbooking/booking/backend/service/impl/BookingServiceImpl.java:[311,28] class, interface, enum, or record expected
[ERROR] /C:/Users/ACER/Documents/VS Studio/ojt/OJT-FSofte/src/main/java/com/tourbooking/booking/backend/service/impl/BookingServiceImpl.java:[312,9] class, interface, enum, or record expected
[ERROR] /C:/Users/ACER/Documents/VS Studio/ojt/OJT-FSofte/src/main/java/com/tourbooking/booking/backend/service/impl/BookingServiceImpl.java:[315,9] class, interface, enum, or record expected
[ERROR] /C:/Users/ACER/Documents/VS Studio/ojt/OJT-FSofte/src/main/java/com/tourbooking/booking/backend/service/impl/BookingServiceImpl.java:[319,29] class, interface, enum, or record expected
[ERROR] /C:/Users/ACER/Documents/VS Studio/ojt/OJT-FSofte/src/main/java/com/tourbooking/booking/backend/service/impl/BookingServiceImpl.java:[320,25] class, interface, enum, or record expected
[ERROR] /C:/Users/ACER/Documents/VS Studio/ojt/OJT-FSofte/src/main/java/com/tourbooking/booking/backend/service/impl/BookingServiceImpl.java:[326,9] class, interface, enum, or record expected
[ERROR] /C:/Users/ACER/Documents/VS Studio/ojt/OJT-FSofte/src/main/java/com/tourbooking/booking/backend/service/impl/BookingServiceImpl.java:[330,29] class, interface, enum, or record expected
[ERROR] /C:/Users/ACER/Documents/VS Studio/ojt/OJT-FSofte/src/main/java/com/tourbooking/booking/backend/service/impl/BookingServiceImpl.java:[331,25] class, interface, enum, or record expected
[ERROR] /C:/Users/ACER/Documents/VS Studio/ojt/OJT-FSofte/src/main/java/com/tourbooking/booking/backend/service/impl/BookingServiceImpl.java:[336,9] class, interface, enum, or record expected
[ERROR] /C:/Users/ACER/Documents/VS Studio/ojt/OJT-FSofte/src/main/java/com/tourbooking/booking/backend/service/impl/BookingServiceImpl.java:[338,9] class, interface, enum, or record expected
[ERROR] /C:/Users/ACER/Documents/VS Studio/ojt/OJT-FSofte/src/main/java/com/tourbooking/booking/backend/service/impl/BookingServiceImpl.java:[343,21] class, interface, enum, or record expected
[ERROR] /C:/Users/ACER/Documents/VS Studio/ojt/OJT-FSofte/src/main/java/com/tourbooking/booking/backend/service/impl/BookingServiceImpl.java:[345,21] class, interface, enum, or record expected
[ERROR] /C:/Users/ACER/Documents/VS Studio/ojt/OJT-FSofte/src/main/java/com/tourbooking/booking/backend/service/impl/BookingServiceImpl.java:[348,21] class, interface, enum, or record expected
[ERROR] /C:/Users/ACER/Documents/VS Studio/ojt/OJT-FSofte/src/main/java/com/tourbooking/booking/backend/service/impl/BookingServiceImpl.java:[352,21] class, interface, enum, or record expected
[ERROR] /C:/Users/ACER/Documents/VS Studio/ojt/OJT-FSofte/src/main/java/com/tourbooking/booking/backend/service/impl/BookingServiceImpl.java:[354,21] class, interface, enum, or record expected
[ERROR] /C:/Users/ACER/Documents/VS Studio/ojt/OJT-FSofte/src/main/java/com/tourbooking/booking/backend/service/impl/BookingServiceImpl.java:[358,21] class, interface, enum, or record expected
[ERROR] /C:/Users/ACER/Documents/VS Studio/ojt/OJT-FSofte/src/main/java/com/tourbooking/booking/backend/service/impl/BookingServiceImpl.java:[360,21] class, interface, enum, or record expected
[ERROR] /C:/Users/ACER/Documents/VS Studio/ojt/OJT-FSofte/src/main/java/com/tourbooking/booking/backend/service/impl/BookingServiceImpl.java:[367,17] class, interface, enum, or record expected
[ERROR] /C:/Users/ACER/Documents/VS Studio/ojt/OJT-FSofte/src/main/java/com/tourbooking/booking/backend/service/impl/BookingServiceImpl.java:[370,5] class, interface, enum, or record expected
[ERROR] /C:/Users/ACER/Documents/VS Studio/ojt/OJT-FSofte/src/main/java/com/tourbooking/booking/backend/service/impl/BookingServiceImpl.java:[373,12] class, interface, enum, or record expected
[ERROR] /C:/Users/ACER/Documents/VS Studio/ojt/OJT-FSofte/src/main/java/com/tourbooking/booking/backend/service/impl/BookingServiceImpl.java:[375,9] class, interface, enum, or record expected
[ERROR] /C:/Users/ACER/Documents/VS Studio/ojt/OJT-FSofte/src/main/java/com/tourbooking/booking/backend/service/impl/BookingServiceImpl.java:[376,9] class, interface, enum, or record expected
[ERROR] /C:/Users/ACER/Documents/VS Studio/ojt/OJT-FSofte/src/main/java/com/tourbooking/booking/backend/service/impl/BookingServiceImpl.java:[377,5] class, interface, enum, or record expected
[ERROR] /C:/Users/ACER/Documents/VS Studio/ojt/OJT-FSofte/src/main/java/com/tourbooking/booking/backend/service/impl/BookingServiceImpl.java:[380,12] class, interface, enum, or record expected
[ERROR] /C:/Users/ACER/Documents/VS Studio/ojt/OJT-FSofte/src/main/java/com/tourbooking/booking/backend/service/impl/BookingServiceImpl.java:[382,9] class, interface, enum, or record expected
[ERROR] /C:/Users/ACER/Documents/VS Studio/ojt/OJT-FSofte/src/main/java/com/tourbooking/booking/backend/service/impl/BookingServiceImpl.java:[383,9] class, interface, enum, or record expected
[ERROR] /C:/Users/ACER/Documents/VS Studio/ojt/OJT-FSofte/src/main/java/com/tourbooking/booking/backend/service/impl/BookingServiceImpl.java:[384,9] class, interface, enum, or record expected
[ERROR] /C:/Users/ACER/Documents/VS Studio/ojt/OJT-FSofte/src/main/java/com/tourbooking/booking/backend/service/impl/BookingServiceImpl.java:[386,9] class, interface, enum, or record expected
[ERROR] /C:/Users/ACER/Documents/VS Studio/ojt/OJT-FSofte/src/main/java/com/tourbooking/booking/backend/service/impl/BookingServiceImpl.java:[387,5] class, interface, enum, or record expected
[ERROR] -> [Help 1]
[ERROR] 
[ERROR] To see the full stack trace of the errors, re-run Maven with the -e switch.
[ERROR] Re-run Maven using the -X switch to enable full debug logging.
[ERROR] 
[ERROR] For more information about the errors and possible solutions, please read the following articles:
[ERROR] [Help 1] http://cwiki.apache.org/confluence/display/MAVEN/MojoFailureException
