[INFO] Scanning for projects...
[WARNING] 
[WARNING] Some problems were encountered while building the effective model for com.example.tourbooking:booking:jar:0.0.1-SNAPSHOT
[WARNING] 'dependencies.dependency.(groupId:artifactId:type:classifier)' must be unique: org.springframework.boot:spring-boot-starter-test:jar -> duplicate declaration of version (?) @ line 103, column 21
[WARNING] 
[WARNING] It is highly recommended to fix these problems because they threaten the stability of your build.
[WARNING] 
[WARNING] For this reason, future Maven versions might no longer support building such malformed projects.
[WARNING] 
[INFO] 
[INFO] ------------------< com.example.tourbooking:booking >-------------------
[INFO] Building booking 0.0.1-SNAPSHOT
[INFO]   from pom.xml
[INFO] --------------------------------[ jar ]---------------------------------
[INFO] 
[INFO] --- clean:3.4.1:clean (default-clean) @ booking ---
[INFO] Deleting C:\Users\ACER\Documents\VS Studio\ojt\OJT-FSofte\target
[INFO] 
[INFO] --- resources:3.3.1:resources (default-resources) @ booking ---
[INFO] Copying 1 resource from src\main\resources to target\classes
[INFO] Copying 36 resources from src\main\resources to target\classes
[INFO] 
[INFO] --- resources:3.3.1:copy-resources (copy-frontend-into-static) @ booking ---
[INFO] Copying 10 resources from src\main\java\com\tourbooking\booking\frontend\assets to src\main\resources\static\assets
[INFO] Copying 15 resources from src\main\java\com\tourbooking\booking\frontend\pages to src\main\resources\static\pages
[INFO] 
[INFO] --- compiler:3.14.1:compile (default-compile) @ booking ---
[INFO] Recompiling the module because of changed source code.
[INFO] Compiling 178 source files with javac [debug parameters release 21] to target\classes
[INFO] -------------------------------------------------------------
[ERROR] COMPILATION ERROR : 
[INFO] -------------------------------------------------------------
[ERROR] /C:/Users/ACER/Documents/VS Studio/ojt/OJT-FSofte/src/main/java/com/tourbooking/booking/backend/controller/AuthController.java:[24,2] cannot find symbol
  symbol: class RequiredArgsConstructor
[INFO] 1 error
[INFO] -------------------------------------------------------------
[INFO] ------------------------------------------------------------------------
[INFO] BUILD FAILURE
[INFO] ------------------------------------------------------------------------
[INFO] Total time:  7.002 s
[INFO] Finished at: 2026-04-01T14:08:17+07:00
[INFO] ------------------------------------------------------------------------
[ERROR] Failed to execute goal org.apache.maven.plugins:maven-compiler-plugin:3.14.1:compile (default-compile) on project booking: Compilation failure
[ERROR] /C:/Users/ACER/Documents/VS Studio/ojt/OJT-FSofte/src/main/java/com/tourbooking/booking/backend/controller/AuthController.java:[24,2] cannot find symbol
[ERROR]   symbol: class RequiredArgsConstructor
[ERROR] 
[ERROR] -> [Help 1]
[ERROR] 
[ERROR] To see the full stack trace of the errors, re-run Maven with the -e switch.
[ERROR] Re-run Maven using the -X switch to enable full debug logging.
[ERROR] 
[ERROR] For more information about the errors and possible solutions, please read the following articles:
[ERROR] [Help 1] http://cwiki.apache.org/confluence/display/MAVEN/MojoFailureException
